<?xml version="1.0" encoding="UTF-8"?>
<!-- Generated by org.testng.reporters.JUnitReportReporter -->
<testsuite skipped="0" hostname="DESKTOP-KBGVMGI" name="acme.SearchVendor" tests="1" failures="0" timestamp="2019-10-12T16:16:39 IST" time="15.782" errors="0">
  <testcase name="search" time="15.782" classname="acme.SearchVendor"/>
</testsuite> <!-- acme.SearchVendor -->
